0 info it worked if it ends with ok
1 verbose cli [ 'C:\\Program Files\\nodejs\\node.exe',
1 verbose cli   'C:\\Users\\pobo\\AppData\\Roaming\\npm\\node_modules\\npm\\bin\\npm-cli.js',
1 verbose cli   'i',
1 verbose cli   'mint-ui',
1 verbose cli   '-S' ]
2 info using npm@4.1.2
3 info using node@v6.2.0
4 silly loadCurrentTree Starting
5 silly install loadCurrentTree
6 silly install readLocalPackageData
7 silly fetchPackageMetaData mint-ui
8 silly fetchNamedPackageData mint-ui
9 silly mapToRegistry name mint-ui
10 silly mapToRegistry using default registry
11 silly mapToRegistry registry https://registry.npm.taobao.org/
12 silly mapToRegistry data Result {
12 silly mapToRegistry   raw: 'mint-ui',
12 silly mapToRegistry   scope: null,
12 silly mapToRegistry   escapedName: 'mint-ui',
12 silly mapToRegistry   name: 'mint-ui',
12 silly mapToRegistry   rawSpec: '',
12 silly mapToRegistry   spec: 'latest',
12 silly mapToRegistry   type: 'tag' }
13 silly mapToRegistry uri https://registry.npm.taobao.org/mint-ui
14 verbose request uri https://registry.npm.taobao.org/mint-ui
15 verbose request no auth needed
16 info attempt registry request try #1 at 12:52:00
17 verbose request id 5edecd7b98326ebb
18 verbose etag "1ba22-2oed3iZMTViBod2328jGWg"
19 http request GET https://registry.npm.taobao.org/mint-ui
20 http 304 https://registry.npm.taobao.org/mint-ui
21 verbose headers { date: 'Mon, 20 Feb 2017 04:52:36 GMT',
21 verbose headers   connection: 'keep-alive',
21 verbose headers   'x-current-requests': '1',
21 verbose headers   etag: '"1ba22-2oed3iZMTViBod2328jGWg"',
21 verbose headers   'x-readtime': '67' }
22 silly get cb [ 304,
22 silly get   { date: 'Mon, 20 Feb 2017 04:52:36 GMT',
22 silly get     connection: 'keep-alive',
22 silly get     'x-current-requests': '1',
22 silly get     etag: '"1ba22-2oed3iZMTViBod2328jGWg"',
22 silly get     'x-readtime': '67' } ]
23 verbose etag https://registry.npm.taobao.org/mint-ui from cache
24 verbose get saving mint-ui to C:\Users\pobo\AppData\Roaming\npm-cache\registry.npm.taobao.org\mint-ui\.cache.json
25 verbose correctMkdir C:\Users\pobo\AppData\Roaming\npm-cache correctMkdir not in flight; initializing
26 silly install normalizeTree
27 silly loadCurrentTree Finishing
28 silly loadIdealTree Starting
29 silly install loadIdealTree
30 silly cloneCurrentTree Starting
31 silly install cloneCurrentTreeToIdealTree
32 silly cloneCurrentTree Finishing
33 silly loadShrinkwrap Starting
34 silly install loadShrinkwrap
35 silly loadShrinkwrap Finishing
36 silly loadAllDepsIntoIdealTree Starting
37 silly install loadAllDepsIntoIdealTree
38 silly rollbackFailedOptional Starting
39 silly rollbackFailedOptional Finishing
40 silly runTopLevelLifecycles Finishing
41 silly install printInstalled
42 verbose stack Error: Refusing to install package with name "mint-ui" under a package
42 verbose stack also called "mint-ui". Did you name your project the same
42 verbose stack as the dependency you're installing?
42 verbose stack
42 verbose stack For more information, see:
42 verbose stack     <https://docs.npmjs.com/cli/install#limitations-of-npms-install-algorithm>
42 verbose stack     at checkSelf (C:\Users\pobo\AppData\Roaming\npm\node_modules\npm\lib\install\validate-args.js:53:14)
42 verbose stack     at Array.<anonymous> (C:\Users\pobo\AppData\Roaming\npm\node_modules\npm\node_modules\slide\lib\bind-actor.js:15:8)
42 verbose stack     at LOOP (C:\Users\pobo\AppData\Roaming\npm\node_modules\npm\node_modules\slide\lib\chain.js:15:14)
42 verbose stack     at chain (C:\Users\pobo\AppData\Roaming\npm\node_modules\npm\node_modules\slide\lib\chain.js:20:5)
42 verbose stack     at C:\Users\pobo\AppData\Roaming\npm\node_modules\npm\lib\install\validate-args.js:16:5
42 verbose stack     at C:\Users\pobo\AppData\Roaming\npm\node_modules\npm\node_modules\slide\lib\async-map.js:52:35
42 verbose stack     at Array.forEach (native)
42 verbose stack     at C:\Users\pobo\AppData\Roaming\npm\node_modules\npm\node_modules\slide\lib\async-map.js:52:11
42 verbose stack     at Array.forEach (native)
42 verbose stack     at asyncMap (C:\Users\pobo\AppData\Roaming\npm\node_modules\npm\node_modules\slide\lib\async-map.js:51:8)
43 verbose cwd E:\ml\ex\mint_ui_dome\mint-ui-master
44 error Windows_NT 10.0.10586
45 error argv "C:\\Program Files\\nodejs\\node.exe" "C:\\Users\\pobo\\AppData\\Roaming\\npm\\node_modules\\npm\\bin\\npm-cli.js" "i" "mint-ui" "-S"
46 error node v6.2.0
47 error npm  v4.1.2
48 error code ENOSELF
49 error Refusing to install package with name "mint-ui" under a package
49 error also called "mint-ui". Did you name your project the same
49 error as the dependency you're installing?
49 error
49 error For more information, see:
49 error     <https://docs.npmjs.com/cli/install#limitations-of-npms-install-algorithm>
50 error If you need help, you may report this error at:
50 error     <https://github.com/npm/npm/issues>
51 verbose exit [ 1, true ]
